This is pdfTeX, Version 3.14159265-2.6-1.40.21 (MiKTeX 2.9.7380 64-bit) (preloaded format=pdflatex 2021.4.24)  25 APR 2021 18:34
entering extended mode
**./VAA-Research-Paper.tex
(VAA-Research-Paper.tex
LaTeX2e <2020-02-02> patch level 5
L3 programming layer <2020-04-06> (acm_proc_article-sp.cls ("D:\Programs\MiKTeX
 2.9\tex/latex/graphics\epsfig.sty"
Package: epsfig 2017/06/25 v1.7b (e)psfig emulation (SPQR)
("D:\Programs\MiKTeX 2.9\tex/latex/graphics\graphicx.sty"
Package: graphicx 2019/11/30 v1.2a Enhanced LaTeX Graphics (DPC,SPQR)
("D:\Programs\MiKTeX 2.9\tex/latex/graphics\keyval.sty"
Package: keyval 2014/10/28 v1.15 key=value parser (DPC)
\KV@toks@=\toks15
) ("D:\Programs\MiKTeX 2.9\tex/latex/graphics\graphics.sty"
Package: graphics 2019/11/30 v1.4a Standard LaTeX Graphics (DPC,SPQR)
("D:\Programs\MiKTeX 2.9\tex/latex/graphics\trig.sty"
Package: trig 2016/01/03 v1.10 sin cos tan (DPC)
) ("D:\Programs\MiKTeX 2.9\tex/latex/graphics-cfg\graphics.cfg"
File: graphics.cfg 2016/06/04 v1.11 sample graphics configuration
)
Package graphics Info: Driver file: pdftex.def on input line 105.
("D:\Programs\MiKTeX 2.9\tex/latex/graphics-def\pdftex.def"
File: pdftex.def 2018/01/08 v1.0l Graphics/color driver for pdftex
))
\Gin@req@height=\dimen134
\Gin@req@width=\dimen135
)
\epsfxsize=\dimen136
\epsfysize=\dimen137
) ("D:\Programs\MiKTeX 2.9\tex/latex/amsfonts\amssymb.sty"
Package: amssymb 2013/01/14 v3.01 AMS font symbols
("D:\Programs\MiKTeX 2.9\tex/latex/amsfonts\amsfonts.sty"
Package: amsfonts 2013/01/14 v3.01 Basic AMSFonts support
\@emptytoks=\toks16
\symAMSa=\mathgroup4
\symAMSb=\mathgroup5
LaTeX Font Info:    Redeclaring math symbol \hbar on input line 98.
LaTeX Font Info:    Overwriting math alphabet `\mathfrak' in version `bold'
(Font)                  U/euf/m/n --> U/euf/b/n on input line 106.
)) ("D:\Programs\MiKTeX 2.9\tex/latex/amsmath\amsmath.sty"
Package: amsmath 2020/01/20 v2.17e AMS math features
\@mathmargin=\skip47
For additional information on amsmath, use the `?' option.
("D:\Programs\MiKTeX 2.9\tex/latex/amsmath\amstext.sty"
Package: amstext 2000/06/29 v2.01 AMS text
("D:\Programs\MiKTeX 2.9\tex/latex/amsmath\amsgen.sty"
File: amsgen.sty 1999/11/30 v2.0 generic functions
\@emptytoks=\toks17
\ex@=\dimen138
)) ("D:\Programs\MiKTeX 2.9\tex/latex/amsmath\amsbsy.sty"
Package: amsbsy 1999/11/29 v1.2d Bold Symbols
\pmbraise@=\dimen139
) ("D:\Programs\MiKTeX 2.9\tex/latex/amsmath\amsopn.sty"
Package: amsopn 2016/03/08 v2.02 operator names
)
\inf@bad=\count167
LaTeX Info: Redefining \frac on input line 227.
\uproot@=\count168
\leftroot@=\count169
LaTeX Info: Redefining \overline on input line 389.
\classnum@=\count170
\DOTSCASE@=\count171
LaTeX Info: Redefining \ldots on input line 486.
LaTeX Info: Redefining \dots on input line 489.
LaTeX Info: Redefining \cdots on input line 610.
\Mathstrutbox@=\box45
\strutbox@=\box46
\big@size=\dimen140
LaTeX Font Info:    Redeclaring font encoding OML on input line 733.
LaTeX Font Info:    Redeclaring font encoding OMS on input line 734.
\macc@depth=\count172
\c@MaxMatrixCols=\count173
\dotsspace@=\muskip16
\c@parentequation=\count174
\dspbrk@lvl=\count175
\tag@help=\toks18
\row@=\count176
\column@=\count177
\maxfields@=\count178
\andhelp@=\toks19
\eqnshift@=\dimen141
\alignsep@=\dimen142
\tagshift@=\dimen143
\tagwidth@=\dimen144
\totwidth@=\dimen145
\lineht@=\dimen146
\@envbody=\toks20
\multlinegap=\skip48
\multlinetaggap=\skip49
\mathdisplay@stack=\toks21
LaTeX Info: Redefining \[ on input line 2859.
LaTeX Info: Redefining \] on input line 2860.
)
Document Class 'acm_proc_article-sp' <22nd. April '09>. Modified by G.K.M. Tobi
n
Based in part upon document Style `acmconf' <22 May 89>. Hacked 4/91 by
shivers@cs.cmu.edu, 4/93 by theobald@cs.mcgill.ca
Excerpts were taken from (Journal Style) 'esub2acm.cls'.
****** Bugs/comments/suggestions to Gerry Murray -- murray@hq.acm.org ******
\footheight=\dimen147
\@maxsep=\dimen148
\@dblmaxsep=\dimen149
\aucount=\count179
\originalaucount=\count180
\auwidth=\dimen150
\auskip=\dimen151
\auskipcount=\count181
\auskip=\dimen152
\allauboxes=\dimen153
\addauthors=\toks22
\addauflag=\count182
\subtitletext=\toks23
\savesection=\count183
\sectioncntr=\count184
\c@figure=\count185
\c@table=\count186
\titleboxnotes=\toks24
\titleboxnoteflag=\count187
Document Class: acm_proc_article-sp 2009/04/22 - V3.2SP - based on esub2acm.sty
 <23 April 96>
("D:\Programs\MiKTeX 2.9\tex/latex/base\latexsym.sty"
Package: latexsym 1998/08/17 v2.2e Standard LaTeX package (lasy symbols)
\symlasy=\mathgroup6
LaTeX Font Info:    Overwriting symbol font `lasy' in version `bold'
(Font)                  U/lasy/m/n --> U/lasy/b/n on input line 52.
)
\@acmtitlebox=\box47
\titlenotecount=\count188
\tntoks=\toks25
\tntokstwo=\toks26
\tntoksthree=\toks27
\tntoksfour=\toks28
\tntoksfive=\toks29
\catcount=\count189
\copyrightnotice=\toks30
\conf=\toks31
\confinfo=\toks32
\c@part=\count190
\c@section=\count191
\c@subsection=\count192
\c@subsubsection=\count193
\c@paragraph=\count194
Using 'Abbrev' bibliography style
LaTeX Info: Redefining \cite on input line 1236.
\bibindent=\dimen154
\colcntr=\count195
\saveb@x=\box48
\copyrtyr=\toks33
\acmcopyr=\toks34
\boilerplate=\toks35
\copyrightetc=\toks36
("D:\Programs\MiKTeX 2.9\tex/latex/base\fontenc.sty"
Package: fontenc 2020/02/11 v2.0o Standard LaTeX package
)) ("D:\Programs\MiKTeX 2.9\tex/latex/base\inputenc.sty"
Package: inputenc 2018/08/11 v1.3c Input encoding file
\inpenc@prehook=\toks37
\inpenc@posthook=\toks38
) ("D:\Programs\MiKTeX 2.9\tex/latex/hyperref\hyperref.sty"
Package: hyperref 2020/01/14 v7.00d Hypertext links for LaTeX
("D:\Programs\MiKTeX 2.9\tex/generic/ltxcmds\ltxcmds.sty"
Package: ltxcmds 2019/12/15 v1.24 LaTeX kernel commands for general use (HO)
) ("D:\Programs\MiKTeX 2.9\tex/generic/iftex\iftex.sty"
Package: iftex 2020/03/06 v1.0d TeX engine tests
) ("D:\Programs\MiKTeX 2.9\tex/latex/pdftexcmds\pdftexcmds.sty"
Package: pdftexcmds 2019/11/24 v0.31 Utility functions of pdfTeX for LuaTeX (HO
)
("D:\Programs\MiKTeX 2.9\tex/generic/infwarerr\infwarerr.sty"
Package: infwarerr 2019/12/03 v1.5 Providing info/warning/error messages (HO)
)
Package pdftexcmds Info: \pdf@primitive is available.
Package pdftexcmds Info: \pdf@ifprimitive is available.
Package pdftexcmds Info: \pdfdraftmode found.
) ("D:\Programs\MiKTeX 2.9\tex/generic/kvsetkeys\kvsetkeys.sty"
Package: kvsetkeys 2019/12/15 v1.18 Key value parser (HO)
) ("D:\Programs\MiKTeX 2.9\tex/generic/kvdefinekeys\kvdefinekeys.sty"
Package: kvdefinekeys 2019-12-19 v1.6 Define keys (HO)
) ("D:\Programs\MiKTeX 2.9\tex/generic/pdfescape\pdfescape.sty"
Package: pdfescape 2019/12/09 v1.15 Implements pdfTeX's escape features (HO)
) ("D:\Programs\MiKTeX 2.9\tex/latex/hycolor\hycolor.sty"
Package: hycolor 2020-01-27 v1.10 Color options for hyperref/bookmark (HO)
) ("D:\Programs\MiKTeX 2.9\tex/latex/letltxmacro\letltxmacro.sty"
Package: letltxmacro 2019/12/03 v1.6 Let assignment for LaTeX macros (HO)
) ("D:\Programs\MiKTeX 2.9\tex/latex/auxhook\auxhook.sty"
Package: auxhook 2019-12-17 v1.6 Hooks for auxiliary files (HO)
) ("D:\Programs\MiKTeX 2.9\tex/latex/kvoptions\kvoptions.sty"
Package: kvoptions 2019/11/29 v3.13 Key value format for package options (HO)
)
\@linkdim=\dimen155
\Hy@linkcounter=\count196
\Hy@pagecounter=\count197
("D:\Programs\MiKTeX 2.9\tex/latex/hyperref\pd1enc.def"
File: pd1enc.def 2020/01/14 v7.00d Hyperref: PDFDocEncoding definition (HO)
Now handling font encoding PD1 ...
... no UTF-8 mapping file for font encoding PD1
) ("D:\Programs\MiKTeX 2.9\tex/generic/intcalc\intcalc.sty"
Package: intcalc 2019/12/15 v1.3 Expandable calculations with integers (HO)
) ("D:\Programs\MiKTeX 2.9\tex/generic/etexcmds\etexcmds.sty"
Package: etexcmds 2019/12/15 v1.7 Avoid name clashes with e-TeX commands (HO)
)
\Hy@SavedSpaceFactor=\count198
Package hyperref Info: Hyper figures OFF on input line 4547.
Package hyperref Info: Link nesting OFF on input line 4552.
Package hyperref Info: Hyper index ON on input line 4555.
Package hyperref Info: Plain pages OFF on input line 4562.
Package hyperref Info: Backreferencing OFF on input line 4567.
Package hyperref Info: Implicit mode ON; LaTeX internals redefined.
Package hyperref Info: Bookmarks ON on input line 4800.
\c@Hy@tempcnt=\count199
("D:\Programs\MiKTeX 2.9\tex/latex/url\url.sty"
\Urlmuskip=\muskip17
Package: url 2013/09/16  ver 3.4  Verb mode for urls, etc.
)
LaTeX Info: Redefining \url on input line 5159.
\XeTeXLinkMargin=\dimen156
("D:\Programs\MiKTeX 2.9\tex/generic/bitset\bitset.sty"
Package: bitset 2019/12/09 v1.3 Handle bit-vector datatype (HO)
("D:\Programs\MiKTeX 2.9\tex/generic/bigintcalc\bigintcalc.sty"
Package: bigintcalc 2019/12/15 v1.5 Expandable calculations on big integers (HO
)
))
\Fld@menulength=\count266
\Field@Width=\dimen157
\Fld@charsize=\dimen158
Package hyperref Info: Hyper figures OFF on input line 6430.
Package hyperref Info: Link nesting OFF on input line 6435.
Package hyperref Info: Hyper index ON on input line 6438.
Package hyperref Info: backreferencing OFF on input line 6445.
Package hyperref Info: Link coloring OFF on input line 6450.
Package hyperref Info: Link coloring with OCG OFF on input line 6455.
Package hyperref Info: PDF/A mode OFF on input line 6460.
LaTeX Info: Redefining \ref on input line 6500.
LaTeX Info: Redefining \pageref on input line 6504.
("D:\Programs\MiKTeX 2.9\tex/generic/atbegshi\atbegshi.sty"
Package: atbegshi 2019/12/05 v1.19 At begin shipout hook (HO)
)

Package hyperref Warning: Option `pdfpagelabels' is turned off
(hyperref)                because \thepage is undefined.

\c@Item=\count267
\c@Hfootnote=\count268
)
Package hyperref Info: Driver (autodetected): hpdftex.
("D:\Programs\MiKTeX 2.9\tex/latex/hyperref\hpdftex.def"
File: hpdftex.def 2020/01/14 v7.00d Hyperref driver for pdfTeX
\Fld@listcount=\count269
\c@bookmark@seq@number=\count270
("D:\Programs\MiKTeX 2.9\tex/latex/rerunfilecheck\rerunfilecheck.sty"
Package: rerunfilecheck 2019/12/05 v1.9 Rerun checks for auxiliary files (HO)
("D:\Programs\MiKTeX 2.9\tex/latex/atveryend\atveryend.sty"
Package: atveryend 2019-12-11 v1.11 Hooks at the very end of document (HO)
Package atveryend Info: \enddocument detected (standard20110627).
) ("D:\Programs\MiKTeX 2.9\tex/generic/uniquecounter\uniquecounter.sty"
Package: uniquecounter 2019/12/15 v1.4 Provide unlimited unique counter (HO)
)
Package uniquecounter Info: New unique counter `rerunfilecheck' on input line 2
86.
)
\Hy@SectionHShift=\skip50
) ("D:\Programs\MiKTeX 2.9\tex/latex/l3backend\l3backend-pdfmode.def"
File: l3backend-pdfmode.def 2020-03-12 L3 backend support: PDF mode
\l__kernel_color_stack_int=\count271
\l__pdf_internal_box=\box49
) (VAA-Research-Paper.aux)
\openout1 = `VAA-Research-Paper.aux'.

LaTeX Font Info:    Checking defaults for OML/cmm/m/it on input line 62.
LaTeX Font Info:    ... okay on input line 62.
LaTeX Font Info:    Checking defaults for OMS/cmsy/m/n on input line 62.
LaTeX Font Info:    ... okay on input line 62.
LaTeX Font Info:    Checking defaults for OT1/cmr/m/n on input line 62.
LaTeX Font Info:    ... okay on input line 62.
LaTeX Font Info:    Checking defaults for T1/cmr/m/n on input line 62.
LaTeX Font Info:    ... okay on input line 62.
LaTeX Font Info:    Checking defaults for TS1/cmr/m/n on input line 62.
LaTeX Font Info:    ... okay on input line 62.
LaTeX Font Info:    Checking defaults for OMX/cmex/m/n on input line 62.
LaTeX Font Info:    ... okay on input line 62.
LaTeX Font Info:    Checking defaults for U/cmr/m/n on input line 62.
LaTeX Font Info:    ... okay on input line 62.
LaTeX Font Info:    Checking defaults for PD1/pdf/m/n on input line 62.
LaTeX Font Info:    ... okay on input line 62.
LaTeX Font Info:    Trying to load font information for T1+aer on input line 62
.
("D:\Programs\MiKTeX 2.9\tex/latex/ae\t1aer.fd"
File: t1aer.fd 1997/11/16 Font definitions for T1/aer.
) ("D:\Programs\MiKTeX 2.9\tex/context/base/mkii\supp-pdf.mkii"
[Loading MPS to PDF converter (version 2006.09.02).]
\scratchcounter=\count272
\scratchdimen=\dimen159
\scratchbox=\box50
\nofMPsegments=\count273
\nofMParguments=\count274
\everyMPshowfont=\toks39
\MPscratchCnt=\count275
\MPscratchDim=\dimen160
\MPnumerator=\count276
\makeMPintoPDFobject=\count277
\everyMPtoPDFconversion=\toks40
) ("D:\Programs\MiKTeX 2.9\tex/latex/epstopdf-pkg\epstopdf-base.sty"
Package: epstopdf-base 2020-01-24 v2.11 Base part for package epstopdf
Package epstopdf-base Info: Redefining graphics rule for `.eps' on input line 4
85.
)
\AtBeginShipoutBox=\box51

Package hyperref Warning: Height of page (\paperheight) is invalid (0.0pt),
(hyperref)                using 11in.

Package hyperref Info: Link coloring OFF on input line 62.
("D:\Programs\MiKTeX 2.9\tex/latex/hyperref\nameref.sty"
Package: nameref 2019/09/16 v2.46 Cross-referencing by name of section
("D:\Programs\MiKTeX 2.9\tex/latex/refcount\refcount.sty"
Package: refcount 2019/12/15 v3.6 Data extraction from label references (HO)
) ("D:\Programs\MiKTeX 2.9\tex/generic/gettitlestring\gettitlestring.sty"
Package: gettitlestring 2019/12/15 v1.6 Cleanup title references (HO)
)
\c@section@level=\count278
)
LaTeX Info: Redefining \ref on input line 62.
LaTeX Info: Redefining \pageref on input line 62.
LaTeX Info: Redefining \nameref on input line 62.
(VAA-Research-Paper.out) (VAA-Research-Paper.out)
\@outlinefile=\write3
\openout3 = `VAA-Research-Paper.out'.

LaTeX Font Info:    Trying to load font information for U+msa on input line 64.

("D:\Programs\MiKTeX 2.9\tex/latex/amsfonts\umsa.fd"
File: umsa.fd 2013/01/14 v3.01 AMS symbols A
)
LaTeX Font Info:    Trying to load font information for U+msb on input line 64.

("D:\Programs\MiKTeX 2.9\tex/latex/amsfonts\umsb.fd"
File: umsb.fd 2013/01/14 v3.01 AMS symbols B
)
LaTeX Font Info:    Trying to load font information for U+lasy on input line 64
.
("D:\Programs\MiKTeX 2.9\tex/latex/base\ulasy.fd"
File: ulasy.fd 1998/08/17 v2.2e LaTeX symbol font definitions
)
LaTeX Font Info:    Trying to load font information for T1+aett on input line 6
4.
("D:\Programs\MiKTeX 2.9\tex/latex/ae\t1aett.fd"
File: t1aett.fd 1997/11/16 Font definitions for T1/aett.
)
<stock_ana.PNG, id=62, 482.55281pt x 27.85406pt>
File: stock_ana.PNG Graphic file (type png)
<use stock_ana.PNG>
Package pdftex.def Info: stock_ana.PNG  used on input line 86.
(pdftex.def)             Requested size: 240.0pt x 13.85345pt.
[1{C:/Users/Hoang/AppData/Local/MiKTeX/2.9/pdftex/config/pdftex.map}


 <./stock_ana.PNG>]
<eda_params.png, id=80, 192.72pt x 163.3603pt>
File: eda_params.png Graphic file (type png)
<use eda_params.png>
Package pdftex.def Info: eda_params.png  used on input line 150.
(pdftex.def)             Requested size: 95.99854pt x 81.37334pt.
<eda_charts.PNG, id=81, 1235.36531pt x 867.99281pt>
File: eda_charts.PNG Graphic file (type png)
<use eda_charts.PNG>
Package pdftex.def Info: eda_charts.PNG  used on input line 161.
(pdftex.def)             Requested size: 240.0pt x 168.6288pt.
<eda_sidemenu.PNG, id=82, 609.02531pt x 429.85594pt>
File: eda_sidemenu.PNG Graphic file (type png)
<use eda_sidemenu.PNG>
Package pdftex.def Info: eda_sidemenu.PNG  used on input line 169.
(pdftex.def)             Requested size: 240.0pt x 169.39441pt.
pdfTeX warning (ext4): destination with the same identifier (name{page.}) has b
een already used, duplicate ignored
<to be read again> 
                   \relax 
l.253   M
         anipulating Financial Data: tq\_transmute() and tq\_mutate(). [2 <./ed
a_params.png> <./eda_charts.PNG> <./eda_sidemenu.PNG>]
Overfull \hbox (33.5233pt too wide) in paragraph at lines 253--259
[]\T1/aer/m/n/9 Manipulating Fi-nan-cial Data: tq_transmute() and tq_mutate().
 []


Overfull \hbox (11.54655pt too wide) in paragraph at lines 282--286
[]\T1/aer/b/n/9 Stock Price and Trad-ing Vol-ume \T1/aer/m/n/9 Line Charts/Bart
 Charts:
 []

<ta_chart.png, id=97, 997.92825pt x 280.6485pt>
File: ta_chart.png Graphic file (type png)
<use ta_chart.png>
Package pdftex.def Info: ta_chart.png  used on input line 319.
(pdftex.def)             Requested size: 240.0pt x 67.49405pt.

LaTeX Warning: `h' float specifier changed to `ht'.

<pa_chart.png, id=98, 999.735pt x 325.81725pt>
File: pa_chart.png Graphic file (type png)
<use pa_chart.png>
Package pdftex.def Info: pa_chart.png  used on input line 324.
(pdftex.def)             Requested size: 240.0pt x 78.2176pt.

LaTeX Warning: `h' float specifier changed to `ht'.

<forecast-workflow.png, id=99, 505.89pt x 201.75375pt>
File: forecast-workflow.png Graphic file (type png)
<use forecast-workflow.png>
Package pdftex.def Info: forecast-workflow.png  used on input line 336.
(pdftex.def)             Requested size: 240.0pt x 95.71396pt.
pdfTeX warning (ext4): destination with the same identifier (name{page.}) has b
een already used, duplicate ignored
<to be read again> 
                   \relax 
l.380   \textbf
               {Check model performance (evaluate)}: The performance of the [3 
<./ta_chart.png> <./pa_chart.png> <./forecast-workflow.png (PNG copy)>]
<forecast_mod.png, id=120, 1315.16344pt x 670.00313pt>
File: forecast_mod.png Graphic file (type png)
<use forecast_mod.png>
Package pdftex.def Info: forecast_mod.png  used on input line 393.
(pdftex.def)             Requested size: 240.0pt x 122.26176pt.
pdfTeX warning (ext4): destination with the same identifier (name{page.}) has b
een already used, duplicate ignored
<to be read again> 
                   \relax 
l.540 
       [4 <./forecast_mod.png>]
<forecast_indi.png, id=133, 539.01375pt x 278.54062pt>
File: forecast_indi.png Graphic file (type png)
<use forecast_indi.png>
Package pdftex.def Info: forecast_indi.png  used on input line 541.
(pdftex.def)             Requested size: 240.0pt x 124.02455pt.
<forecast_multi.png, id=134, 540.51938pt x 372.64218pt>
File: forecast_multi.png Graphic file (type png)
<use forecast_multi.png>
Package pdftex.def Info: forecast_multi.png  used on input line 557.
(pdftex.def)             Requested size: 240.0pt x 165.4585pt.
<forecast_table.png, id=135, 538.26094pt x 287.57437pt>
File: forecast_table.png Graphic file (type png)
<use forecast_table.png>
Package pdftex.def Info: forecast_table.png  used on input line 565.
(pdftex.def)             Requested size: 240.0pt x 128.2225pt.

Underfull \vbox (badness 10000) has occurred while \output is active []


Overfull \hbox (2.55463pt too wide) in paragraph at lines 584--588
[]\T1/aer/m/n/9 These stu-dents may have ba-sic fi-nance and in-vest-ment knowl
-
 []

pdfTeX warning (ext4): destination with the same identifier (name{page.}) has b
een already used, duplicate ignored
<to be read again> 
                   \relax 
l.624 
       [5 <./forecast_indi.png> <./forecast_multi.png> <./forecast_table.png>]
Overfull \hbox (1.1846pt too wide) in paragraph at lines 634--640
\T1/aer/m/n/9 and \T1/aett/m/n/9 mod-el-time \T1/aer/m/n/9 pack-ages, which can
 re-sult in dif-fi-cul-ties when
 []

Package atveryend Info: Empty hook `BeforeClearDocument' on input line 692.
pdfTeX warning (ext4): destination with the same identifier (name{page.}) has b
een already used, duplicate ignored
<to be read again> 
                   \relax 
l.692 \end{document}
                     [6

]
Package atveryend Info: Empty hook `AfterLastShipout' on input line 692.
(VAA-Research-Paper.aux)
Package atveryend Info: Empty hook `AtVeryEndDocument' on input line 692.
Package atveryend Info: Executing hook `AtEndAfterFileList' on input line 692.
Package rerunfilecheck Info: File `VAA-Research-Paper.out' has not changed.
(rerunfilecheck)             Checksum: 91DC545538512EB64FB391515277CCFA;873.
Package atveryend Info: Empty hook `AtVeryVeryEnd' on input line 692.
 ) 
Here is how much of TeX's memory you used:
 6825 strings out of 480930
 98520 string characters out of 2911877
 365344 words of memory out of 3000000
 22476 multiletter control sequences out of 15000+200000
 578402 words of font info for 78 fonts, out of 3000000 for 9000
 1141 hyphenation exceptions out of 8191
 46i,11n,35p,273b,461s stack positions out of 5000i,500n,10000p,200000b,50000s
{D:/Programs/MiKTeX 2.9/fonts/enc/dvips/base/8r.enc}<D:/Programs/MiKTeX 2.9/f
onts/type1/public/amsfonts/cm/cmb10.pfb><D:/Programs/MiKTeX 2.9/fonts/type1/pub
lic/amsfonts/cm/cmr9.pfb><D:/Programs/MiKTeX 2.9/fonts/type1/public/amsfonts/cm
/cmsy9.pfb><D:/Programs/MiKTeX 2.9/fonts/type1/public/amsfonts/cm/cmti9.pfb><D:
/Programs/MiKTeX 2.9/fonts/type1/public/amsfonts/cm/cmtt9.pfb><D:/Programs/MiKT
eX 2.9/fonts/type1/urw/helvetic/uhvb8a.pfb><D:/Programs/MiKTeX 2.9/fonts/type1/
urw/helvetic/uhvr8a.pfb><D:/Programs/MiKTeX 2.9/fonts/type1/urw/times/utmb8a.pf
b><D:/Programs/MiKTeX 2.9/fonts/type1/urw/times/utmri8a.pfb>
Output written on VAA-Research-Paper.pdf (6 pages, 753526 bytes).
PDF statistics:
 204 PDF objects out of 1000 (max. 8388607)
 62 named destinations out of 1000 (max. 500000)
 168 words of extra memory for PDF output out of 10000 (max. 10000000)

